<?xml version="1.0" encoding="UTF-8"?>
<testng-results ignored="0" total="1" passed="1" failed="0" skipped="0">
  <reporter-output>
  </reporter-output>
  <suite started-at="2022-05-28T17:59:21 IST" name="Default suite" finished-at="2022-05-28T17:59:46 IST" duration-ms="24762">
    <groups>
    </groups>
    <test started-at="2022-05-28T17:59:21 IST" name="Default test" finished-at="2022-05-28T17:59:46 IST" duration-ms="24762">
      <class name="testPackage.FlightBooking">
        <test-method signature="book()[pri:0, instance:testPackage.FlightBooking@316bcf94]" started-at="2022-05-28T17:59:21 IST" name="book" finished-at="2022-05-28T17:59:46 IST" duration-ms="24687" status="PASS">
          <reporter-output>
          </reporter-output>
        </test-method> <!-- book -->
      </class> <!-- testPackage.FlightBooking -->
    </test> <!-- Default test -->
  </suite> <!-- Default suite -->
</testng-results>
